2020-03-11 07:54:46.801 INFO  (main) [   ] o.e.j.u.log Logging initialized @1602ms to org.eclipse.jetty.util.log.Slf4jLog
2020-03-11 07:54:46.965 WARN  (main) [   ] o.e.j.x.XmlConfiguration Deprecated method public void org.eclipse.jetty.rewrite.handler.RedirectRegexRule.setReplacement(java.lang.String) in file:///E:/%E5%B7%A5%E4%BD%9C/svn%E8%B5%84%E6%BA%90/solr/solr-8.2.0/server/etc/jetty.xml
2020-03-11 07:54:47.074 WARN  (main) [   ] o.e.j.s.AbstractConnector Ignoring deprecated socket close linger time
2020-03-11 07:54:47.075 WARN  (main) [   ] o.e.j.x.XmlConfiguration Deprecated method public void org.eclipse.jetty.server.ServerConnector.setSoLingerTime(int) in file:///E:/%E5%B7%A5%E4%BD%9C/svn%E8%B5%84%E6%BA%90/solr/solr-8.2.0/server/etc/jetty-http.xml
2020-03-11 07:54:47.086 INFO  (main) [   ] o.e.j.s.Server jetty-9.4.19.v20190610; built: 2019-06-10T16:30:51.723Z; git: afcf563148970e98786327af5e07c261fda175d3; jvm 1.8.0_202-b08
2020-03-11 07:54:47.119 INFO  (main) [   ] o.e.j.d.p.ScanningAppProvider Deployment monitor [file:///E:/%E5%B7%A5%E4%BD%9C/svn%E8%B5%84%E6%BA%90/solr/solr-8.2.0/server/contexts/] at interval 0
2020-03-11 07:54:47.968 INFO  (main) [   ] o.e.j.w.StandardDescriptorProcessor NO JSP Support for /solr, did not find org.apache.jasper.servlet.JspServlet
2020-03-11 07:54:47.986 INFO  (main) [   ] o.e.j.s.session DefaultSessionIdManager workerName=node0
2020-03-11 07:54:47.986 INFO  (main) [   ] o.e.j.s.session No SessionScavenger set, using defaults
2020-03-11 07:54:47.991 INFO  (main) [   ] o.e.j.s.session node0 Scavenging every 600000ms
2020-03-11 07:54:48.038 INFO  (main) [   ] o.a.s.c.SolrResourceLoader Using system property solr.solr.home: E:\工作\svn资源\solr\solr-8.2.0\server\solr
2020-03-11 07:54:48.040 INFO  (main) [   ] o.a.s.h.d.s.SolrDataImportProperties Instance dir = E:\工作\svn资源\solr\solr-8.2.0\server\solr
2020-03-11 07:54:48.042 INFO  (main) [   ] o.a.s.h.d.s.HttpPostScheduler <index update process> Multiple cores identified in dataimport.properties. Sync active for: appDbDisasterShelter,appDbMaterialAddress,appDbProtectionobject,appDbRisk,appDbTeam
2020-03-11 07:54:48.135 INFO  (main) [   ] o.a.s.s.SolrDispatchFilter Using logger factory org.apache.logging.slf4j.Log4jLoggerFactory
2020-03-11 07:54:48.142 INFO  (main) [   ] o.a.s.s.SolrDispatchFilter  ___      _       Welcome to Apache Solr? version 8.2.0
2020-03-11 07:54:48.142 INFO  (main) [   ] o.a.s.s.SolrDispatchFilter / __| ___| |_ _   Starting in standalone mode on port 8983
2020-03-11 07:54:48.142 INFO  (main) [   ] o.a.s.s.SolrDispatchFilter \__ \/ _ \ | '_|  Install dir: E:\工作\svn资源\solr\solr-8.2.0
2020-03-11 07:54:48.144 INFO  (main) [   ] o.a.s.s.SolrDispatchFilter |___/\___/_|_|    Start time: 2020-03-11T07:54:48.144Z
2020-03-11 07:54:48.158 INFO  (main) [   ] o.a.s.c.SolrXmlConfig Loading container configuration from E:\工作\svn资源\solr\solr-8.2.0\server\solr\solr.xml
2020-03-11 07:54:48.276 INFO  (main) [   ] o.a.s.c.SolrXmlConfig MBean server found: com.sun.jmx.mbeanserver.JmxMBeanServer@4034c28c, but no JMX reporters were configured - adding default JMX reporter.
2020-03-11 07:54:48.669 INFO  (main) [   ] o.a.s.h.c.HttpShardHandlerFactory Host whitelist initialized: WhitelistHostChecker [whitelistHosts=null, whitelistHostCheckingEnabled=true]
2020-03-11 07:54:49.002 WARN  (main) [   ] o.e.j.u.s.S.config Trusting all certificates configured for Client@17aad511[provider=null,keyStore=null,trustStore=null]
2020-03-11 07:54:49.002 WARN  (main) [   ] o.e.j.u.s.S.config No Client EndPointIdentificationAlgorithm configured for Client@17aad511[provider=null,keyStore=null,trustStore=null]
2020-03-11 07:54:49.152 WARN  (main) [   ] o.e.j.u.s.S.config Trusting all certificates configured for Client@235a0c16[provider=null,keyStore=null,trustStore=null]
2020-03-11 07:54:49.152 WARN  (main) [   ] o.e.j.u.s.S.config No Client EndPointIdentificationAlgorithm configured for Client@235a0c16[provider=null,keyStore=null,trustStore=null]
2020-03-11 07:54:49.439 INFO  (main) [   ] o.a.s.c.TransientSolrCoreCacheDefault Allocating transient cache for 2147483647 transient cores
2020-03-11 07:54:49.442 INFO  (main) [   ] o.a.s.h.a.MetricsHistoryHandler No .system collection, keeping metrics history in memory.
2020-03-11 07:54:49.551 INFO  (main) [   ] o.a.s.m.r.SolrJmxReporter JMX monitoring for 'solr.node' (registry 'solr.node') enabled at server: com.sun.jmx.mbeanserver.JmxMBeanServer@4034c28c
2020-03-11 07:54:49.552 INFO  (main) [   ] o.a.s.m.r.SolrJmxReporter JMX monitoring for 'solr.jvm' (registry 'solr.jvm') enabled at server: com.sun.jmx.mbeanserver.JmxMBeanServer@4034c28c
2020-03-11 07:54:49.561 INFO  (main) [   ] o.a.s.m.r.SolrJmxReporter JMX monitoring for 'solr.jetty' (registry 'solr.jetty') enabled at server: com.sun.jmx.mbeanserver.JmxMBeanServer@4034c28c
2020-03-11 07:54:49.666 INFO  (main) [   ] o.a.s.c.CorePropertiesLocator Found 11 core definitions underneath E:\工作\svn资源\solr\solr-8.2.0\server\solr
2020-03-11 07:54:49.667 INFO  (main) [   ] o.a.s.c.CorePropertiesLocator Cores are: [appDbDisasterShelter, appDbMaterialAddress, appDbProtectionobject, appDbResourse, appDbRisk, appDbTeam, app_contactor, Area, test, test1, test3]
2020-03-11 07:54:49.775 INFO  (coreLoadExecutor-9-thread-3) [   x:appDbProtectionobject] o.a.s.c.SolrResourceLoader [appDbProtectionobject] Added 68 libs to classloader, from paths: [/E:/工作/svn资源/solr/solr-8.2.0/contrib/analysis-extras/lib, /E:/工作/svn资源/solr/solr-8.2.0/contrib/clustering/lib, /E:/工作/svn资源/solr/solr-8.2.0/contrib/extraction/lib, /E:/工作/svn资源/solr/solr-8.2.0/contrib/langid/lib, /E:/工作/svn资源/solr/solr-8.2.0/contrib/velocity/lib, /E:/工作/svn资源/solr/solr-8.2.0/dist]
2020-03-11 07:54:49.775 INFO  (coreLoadExecutor-9-thread-2) [   x:appDbMaterialAddress] o.a.s.c.SolrResourceLoader [appDbMaterialAddress] Added 68 libs to classloader, from paths: [/E:/工作/svn资源/solr/solr-8.2.0/contrib/analysis-extras/lib, /E:/工作/svn资源/solr/solr-8.2.0/contrib/clustering/lib, /E:/工作/svn资源/solr/solr-8.2.0/contrib/extraction/lib, /E:/工作/svn资源/solr/solr-8.2.0/contrib/langid/lib, /E:/工作/svn资源/solr/solr-8.2.0/contrib/velocity/lib, /E:/工作/svn资源/solr/solr-8.2.0/dist]
2020-03-11 07:54:49.775 INFO  (coreLoadExecutor-9-thread-1) [   x:appDbDisasterShelter] o.a.s.c.SolrResourceLoader [appDbDisasterShelter] Added 68 libs to classloader, from paths: [/E:/工作/svn资源/solr/solr-8.2.0/contrib/analysis-extras/lib, /E:/工作/svn资源/solr/solr-8.2.0/contrib/clustering/lib, /E:/工作/svn资源/solr/solr-8.2.0/contrib/extraction/lib, /E:/工作/svn资源/solr/solr-8.2.0/contrib/langid/lib, /E:/工作/svn资源/solr/solr-8.2.0/contrib/velocity/lib, /E:/工作/svn资源/solr/solr-8.2.0/dist]
2020-03-11 07:54:50.057 INFO  (coreLoadExecutor-9-thread-2) [   x:appDbMaterialAddress] o.a.s.c.SolrConfig Using Lucene MatchVersion: 8.2.0
2020-03-11 07:54:50.058 INFO  (coreLoadExecutor-9-thread-3) [   x:appDbProtectionobject] o.a.s.c.SolrConfig Using Lucene MatchVersion: 8.2.0
2020-03-11 07:54:50.061 INFO  (coreLoadExecutor-9-thread-1) [   x:appDbDisasterShelter] o.a.s.c.SolrConfig Using Lucene MatchVersion: 8.2.0
2020-03-11 07:54:50.542 INFO  (coreLoadExecutor-9-thread-2) [   x:appDbMaterialAddress] o.a.s.s.IndexSchema [appDbMaterialAddress] Schema name=default-config
2020-03-11 07:54:50.542 INFO  (coreLoadExecutor-9-thread-3) [   x:appDbProtectionobject] o.a.s.s.IndexSchema [appDbProtectionobject] Schema name=default-config
2020-03-11 07:54:50.545 INFO  (coreLoadExecutor-9-thread-1) [   x:appDbDisasterShelter] o.a.s.s.IndexSchema [appDbDisasterShelter] Schema name=default-config
2020-03-11 07:54:50.574 INFO  (main) [   ] o.e.j.s.h.ContextHandler Started o.e.j.w.WebAppContext@5ace1ed4{/solr,file:///E:/%E5%B7%A5%E4%BD%9C/svn%E8%B5%84%E6%BA%90/solr/solr-8.2.0/server/solr-webapp/webapp/,AVAILABLE}{E:\工作\svn资源\solr\solr-8.2.0\server/solr-webapp/webapp}
2020-03-11 07:54:50.601 INFO  (main) [   ] o.e.j.s.AbstractConnector Started ServerConnector@3bf7ca37{HTTP/1.1,[http/1.1, h2c]}{0.0.0.0:8983}
2020-03-11 07:54:50.601 INFO  (main) [   ] o.e.j.s.Server Started @5405ms
2020-03-11 07:54:50.736 WARN  (coreLoadExecutor-9-thread-3) [   x:appDbProtectionobject] o.a.s.c.SolrResourceLoader Solr loaded a deprecated plugin/analysis class [solr.TrieIntField]. Please consult documentation how to replace it accordingly.
2020-03-11 07:54:50.736 WARN  (coreLoadExecutor-9-thread-2) [   x:appDbMaterialAddress] o.a.s.c.SolrResourceLoader Solr loaded a deprecated plugin/analysis class [solr.TrieIntField]. Please consult documentation how to replace it accordingly.
2020-03-11 07:54:50.736 WARN  (coreLoadExecutor-9-thread-1) [   x:appDbDisasterShelter] o.a.s.c.SolrResourceLoader Solr loaded a deprecated plugin/analysis class [solr.TrieIntField]. Please consult documentation how to replace it accordingly.
2020-03-11 07:54:51.504 WARN  (coreLoadExecutor-9-thread-2) [   x:appDbMaterialAddress] o.a.s.s.AbstractSpatialFieldType Replace 'com.spatial4j.core' with 'org.locationtech.spatial4j' in your schema.
2020-03-11 07:54:51.504 WARN  (coreLoadExecutor-9-thread-1) [   x:appDbDisasterShelter] o.a.s.s.AbstractSpatialFieldType Replace 'com.spatial4j.core' with 'org.locationtech.spatial4j' in your schema.
2020-03-11 07:54:51.504 WARN  (coreLoadExecutor-9-thread-3) [   x:appDbProtectionobject] o.a.s.s.AbstractSpatialFieldType Replace 'com.spatial4j.core' with 'org.locationtech.spatial4j' in your schema.
2020-03-11 07:54:51.798 INFO  (coreLoadExecutor-9-thread-3) [   x:appDbProtectionobject] o.a.s.s.IndexSchema Loaded schema default-config/1.6 with uniqueid field id
2020-03-11 07:54:51.798 INFO  (coreLoadExecutor-9-thread-2) [   x:appDbMaterialAddress] o.a.s.s.IndexSchema Loaded schema default-config/1.6 with uniqueid field id
2020-03-11 07:54:51.798 INFO  (coreLoadExecutor-9-thread-1) [   x:appDbDisasterShelter] o.a.s.s.IndexSchema Loaded schema default-config/1.6 with uniqueid field id
2020-03-11 07:54:51.875 INFO  (coreLoadExecutor-9-thread-2) [   x:appDbMaterialAddress] o.a.s.c.CoreContainer Creating SolrCore 'appDbMaterialAddress' using configuration from instancedir E:\工作\svn资源\solr\solr-8.2.0\server\solr\appDbMaterialAddress, trusted=true
2020-03-11 07:54:51.877 INFO  (coreLoadExecutor-9-thread-1) [   x:appDbDisasterShelter] o.a.s.c.CoreContainer Creating SolrCore 'appDbDisasterShelter' using configuration from instancedir E:\工作\svn资源\solr\solr-8.2.0\server\solr\appDbDisasterShelter, trusted=true
2020-03-11 07:54:51.882 INFO  (coreLoadExecutor-9-thread-3) [   x:appDbProtectionobject] o.a.s.c.CoreContainer Creating SolrCore 'appDbProtectionobject' using configuration from instancedir E:\工作\svn资源\solr\solr-8.2.0\server\solr\appDbProtectionobject, trusted=true
2020-03-11 07:54:51.923 INFO  (coreLoadExecutor-9-thread-3) [   x:appDbProtectionobject] o.a.s.m.r.SolrJmxReporter JMX monitoring for 'solr.core.appDbProtectionobject' (registry 'solr.core.appDbProtectionobject') enabled at server: com.sun.jmx.mbeanserver.JmxMBeanServer@4034c28c
2020-03-11 07:54:51.923 INFO  (coreLoadExecutor-9-thread-1) [   x:appDbDisasterShelter] o.a.s.m.r.SolrJmxReporter JMX monitoring for 'solr.core.appDbDisasterShelter' (registry 'solr.core.appDbDisasterShelter') enabled at server: com.sun.jmx.mbeanserver.JmxMBeanServer@4034c28c
2020-03-11 07:54:51.923 INFO  (coreLoadExecutor-9-thread-2) [   x:appDbMaterialAddress] o.a.s.m.r.SolrJmxReporter JMX monitoring for 'solr.core.appDbMaterialAddress' (registry 'solr.core.appDbMaterialAddress') enabled at server: com.sun.jmx.mbeanserver.JmxMBeanServer@4034c28c
2020-03-11 07:54:51.955 INFO  (coreLoadExecutor-9-thread-3) [   x:appDbProtectionobject] o.a.s.c.SolrCore [[appDbProtectionobject] ] Opening new SolrCore at [E:\工作\svn资源\solr\solr-8.2.0\server\solr\appDbProtectionobject], dataDir=[E:\工作\svn资源\solr\solr-8.2.0\server\solr\appDbProtectionobject\data\]
2020-03-11 07:54:51.955 INFO  (coreLoadExecutor-9-thread-1) [   x:appDbDisasterShelter] o.a.s.c.SolrCore [[appDbDisasterShelter] ] Opening new SolrCore at [E:\工作\svn资源\solr\solr-8.2.0\server\solr\appDbDisasterShelter], dataDir=[E:\工作\svn资源\solr\solr-8.2.0\server\solr\appDbDisasterShelter\data\]
2020-03-11 07:54:51.955 INFO  (coreLoadExecutor-9-thread-2) [   x:appDbMaterialAddress] o.a.s.c.SolrCore [[appDbMaterialAddress] ] Opening new SolrCore at [E:\工作\svn资源\solr\solr-8.2.0\server\solr\appDbMaterialAddress], dataDir=[E:\工作\svn资源\solr\solr-8.2.0\server\solr\appDbMaterialAddress\data\]
2020-03-11 07:54:52.036 INFO  (coreLoadExecutor-9-thread-3) [   x:appDbProtectionobject] o.a.s.r.XSLTResponseWriter xsltCacheLifetimeSeconds=5
2020-03-11 07:54:52.036 INFO  (coreLoadExecutor-9-thread-1) [   x:appDbDisasterShelter] o.a.s.r.XSLTResponseWriter xsltCacheLifetimeSeconds=5
2020-03-11 07:54:52.036 INFO  (coreLoadExecutor-9-thread-2) [   x:appDbMaterialAddress] o.a.s.r.XSLTResponseWriter xsltCacheLifetimeSeconds=5
2020-03-11 07:54:53.089 INFO  (coreLoadExecutor-9-thread-1) [   x:appDbDisasterShelter] o.a.s.u.UpdateHandler Using UpdateLog implementation: org.apache.solr.update.UpdateLog
2020-03-11 07:54:53.089 INFO  (coreLoadExecutor-9-thread-3) [   x:appDbProtectionobject] o.a.s.u.UpdateHandler Using UpdateLog implementation: org.apache.solr.update.UpdateLog
2020-03-11 07:54:53.089 INFO  (coreLoadExecutor-9-thread-2) [   x:appDbMaterialAddress] o.a.s.u.UpdateHandler Using UpdateLog implementation: org.apache.solr.update.UpdateLog
2020-03-11 07:54:53.089 INFO  (coreLoadExecutor-9-thread-3) [   x:appDbProtectionobject] o.a.s.u.UpdateLog Initializing UpdateLog: dataDir= defaultSyncLevel=FLUSH numRecordsToKeep=100 maxNumLogsToKeep=10 numVersionBuckets=65536
2020-03-11 07:54:53.089 INFO  (coreLoadExecutor-9-thread-2) [   x:appDbMaterialAddress] o.a.s.u.UpdateLog Initializing UpdateLog: dataDir= defaultSyncLevel=FLUSH numRecordsToKeep=100 maxNumLogsToKeep=10 numVersionBuckets=65536
2020-03-11 07:54:53.089 INFO  (coreLoadExecutor-9-thread-1) [   x:appDbDisasterShelter] o.a.s.u.UpdateLog Initializing UpdateLog: dataDir= defaultSyncLevel=FLUSH numRecordsToKeep=100 maxNumLogsToKeep=10 numVersionBuckets=65536
2020-03-11 07:54:53.138 INFO  (coreLoadExecutor-9-thread-3) [   x:appDbProtectionobject] o.a.s.u.CommitTracker Hard AutoCommit: if uncommitted for 15000ms; 
2020-03-11 07:54:53.138 INFO  (coreLoadExecutor-9-thread-1) [   x:appDbDisasterShelter] o.a.s.u.CommitTracker Hard AutoCommit: if uncommitted for 15000ms; 
2020-03-11 07:54:53.138 INFO  (coreLoadExecutor-9-thread-2) [   x:appDbMaterialAddress] o.a.s.u.CommitTracker Hard AutoCommit: if uncommitted for 15000ms; 
2020-03-11 07:54:53.138 INFO  (coreLoadExecutor-9-thread-3) [   x:appDbProtectionobject] o.a.s.u.CommitTracker Soft AutoCommit: disabled
2020-03-11 07:54:53.138 INFO  (coreLoadExecutor-9-thread-2) [   x:appDbMaterialAddress] o.a.s.u.CommitTracker Soft AutoCommit: disabled
2020-03-11 07:54:53.138 INFO  (coreLoadExecutor-9-thread-1) [   x:appDbDisasterShelter] o.a.s.u.CommitTracker Soft AutoCommit: disabled
2020-03-11 07:54:53.405 INFO  (coreLoadExecutor-9-thread-3) [   x:appDbProtectionobject] o.a.s.s.SolrIndexSearcher Opening [Searcher@39281dbb[appDbProtectionobject] main]
2020-03-11 07:54:53.405 INFO  (coreLoadExecutor-9-thread-1) [   x:appDbDisasterShelter] o.a.s.s.SolrIndexSearcher Opening [Searcher@2ee9773[appDbDisasterShelter] main]
2020-03-11 07:54:53.405 INFO  (coreLoadExecutor-9-thread-2) [   x:appDbMaterialAddress] o.a.s.s.SolrIndexSearcher Opening [Searcher@eece327[appDbMaterialAddress] main]
2020-03-11 07:54:53.427 INFO  (coreLoadExecutor-9-thread-2) [   x:appDbMaterialAddress] o.a.s.r.ManagedResourceStorage File-based storage initialized to use dir: E:\工作\svn资源\solr\solr-8.2.0\server\solr\appDbMaterialAddress\conf
2020-03-11 07:54:53.427 INFO  (coreLoadExecutor-9-thread-1) [   x:appDbDisasterShelter] o.a.s.r.ManagedResourceStorage File-based storage initialized to use dir: E:\工作\svn资源\solr\solr-8.2.0\server\solr\appDbDisasterShelter\conf
2020-03-11 07:54:53.427 INFO  (coreLoadExecutor-9-thread-3) [   x:appDbProtectionobject] o.a.s.r.ManagedResourceStorage File-based storage initialized to use dir: E:\工作\svn资源\solr\solr-8.2.0\server\solr\appDbProtectionobject\conf
2020-03-11 07:54:53.458 INFO  (coreLoadExecutor-9-thread-1) [   x:appDbDisasterShelter] o.a.s.h.c.SpellCheckComponent Initializing spell checkers
2020-03-11 07:54:53.458 INFO  (coreLoadExecutor-9-thread-2) [   x:appDbMaterialAddress] o.a.s.h.c.SpellCheckComponent Initializing spell checkers
2020-03-11 07:54:53.458 INFO  (coreLoadExecutor-9-thread-3) [   x:appDbProtectionobject] o.a.s.h.c.SpellCheckComponent Initializing spell checkers
2020-03-11 07:54:53.475 INFO  (coreLoadExecutor-9-thread-3) [   x:appDbProtectionobject] o.a.s.s.DirectSolrSpellChecker init: {name=default,field=_text_,classname=solr.DirectSolrSpellChecker,distanceMeasure=internal,accuracy=0.5,maxEdits=2,minPrefix=1,maxInspections=5,minQueryLength=4,maxQueryFrequency=0.01}
2020-03-11 07:54:53.475 INFO  (coreLoadExecutor-9-thread-2) [   x:appDbMaterialAddress] o.a.s.s.DirectSolrSpellChecker init: {name=default,field=id,classname=solr.DirectSolrSpellChecker,distanceMeasure=internal,accuracy=0.5,maxEdits=2,minPrefix=1,maxInspections=5,minQueryLength=4,maxQueryFrequency=0.01}
2020-03-11 07:54:53.475 INFO  (coreLoadExecutor-9-thread-1) [   x:appDbDisasterShelter] o.a.s.s.DirectSolrSpellChecker init: {name=default,field=_text_,classname=solr.DirectSolrSpellChecker,distanceMeasure=internal,accuracy=0.5,maxEdits=2,minPrefix=1,maxInspections=5,minQueryLength=4,maxQueryFrequency=0.01}
2020-03-11 07:54:53.505 INFO  (coreLoadExecutor-9-thread-3) [   x:appDbProtectionobject] o.a.s.h.ReplicationHandler Commits will be reserved for 10000ms.
2020-03-11 07:54:53.505 INFO  (coreLoadExecutor-9-thread-2) [   x:appDbMaterialAddress] o.a.s.h.ReplicationHandler Commits will be reserved for 10000ms.
2020-03-11 07:54:53.505 INFO  (coreLoadExecutor-9-thread-1) [   x:appDbDisasterShelter] o.a.s.h.ReplicationHandler Commits will be reserved for 10000ms.
2020-03-11 07:54:53.552 INFO  (searcherExecutor-10-thread-1-processing-x:appDbMaterialAddress) [   x:appDbMaterialAddress] o.a.s.c.QuerySenderListener QuerySenderListener sending requests to Searcher@eece327[appDbMaterialAddress] main{ExitableDirectoryReader(UninvertingDirectoryReader(Uninverting(_g(8.2.0):C369/2:[diagnostics={java.vendor=Oracle Corporation, os=Windows 10, java.version=1.8.0_202, java.vm.version=25.202-b08, lucene.version=8.2.0, os.arch=amd64, java.runtime.version=1.8.0_202-b08, source=flush, os.version=10.0, timestamp=1572688785126}]:[attributes={Lucene50StoredFieldsFormat.mode=BEST_SPEED}]:delGen=2) Uninverting(_17(8.2.0):C1:[diagnostics={java.vendor=Oracle Corporation, os=Windows 10, java.version=1.8.0_202, java.vm.version=25.202-b08, lucene.version=8.2.0, os.arch=amd64, java.runtime.version=1.8.0_202-b08, source=flush, os.version=10.0, timestamp=1572690367510}]:[attributes={Lucene50StoredFieldsFormat.mode=BEST_SPEED}]) Uninverting(_18(8.2.0):C1134:[diagnostics={java.vendor=Oracle Corporation, os=Windows 10, java.version=1.8.0_202, java.vm.version=25.202-b08, lucene.version=8.2.0, os.arch=amd64, java.runtime.version=1.8.0_202-b08, source=flush, os.version=10.0, timestamp=1583897292342}]:[attributes={Lucene50StoredFieldsFormat.mode=BEST_SPEED}])))}
2020-03-11 07:54:53.552 INFO  (searcherExecutor-11-thread-1-processing-x:appDbProtectionobject) [   x:appDbProtectionobject] o.a.s.c.QuerySenderListener QuerySenderListener sending requests to Searcher@39281dbb[appDbProtectionobject] main{ExitableDirectoryReader(UninvertingDirectoryReader(Uninverting(_a(8.2.0):C220/1:[diagnostics={java.vendor=Oracle Corporation, os=Windows 10, java.version=1.8.0_202, java.vm.version=25.202-b08, lucene.version=8.2.0, os.arch=amd64, java.runtime.version=1.8.0_202-b08, source=flush, os.version=10.0, timestamp=1572688792995}]:[attributes={Lucene50StoredFieldsFormat.mode=BEST_SPEED}]:delGen=1) Uninverting(_11(8.2.0):C1:[diagnostics={java.vendor=Oracle Corporation, os=Windows 10, java.version=1.8.0_202, java.vm.version=25.202-b08, lucene.version=8.2.0, os.arch=amd64, java.runtime.version=1.8.0_202-b08, source=flush, os.version=10.0, timestamp=1572690367582}]:[attributes={Lucene50StoredFieldsFormat.mode=BEST_SPEED}])))}
2020-03-11 07:54:53.552 INFO  (searcherExecutor-12-thread-1-processing-x:appDbDisasterShelter) [   x:appDbDisasterShelter] o.a.s.c.QuerySenderListener QuerySenderListener sending requests to Searcher@2ee9773[appDbDisasterShelter] main{ExitableDirectoryReader(UninvertingDirectoryReader(Uninverting(_17(8.2.0):C70/2:[diagnostics={java.vendor=Oracle Corporation, os=Windows 10, java.version=1.8.0_202, java.vm.version=25.202-b08, lucene.version=8.2.0, os.arch=amd64, java.runtime.version=1.8.0_202-b08, source=flush, os.version=10.0, timestamp=1572688775969}]:[attributes={Lucene50StoredFieldsFormat.mode=BEST_SPEED}]:delGen=2) Uninverting(_1y(8.2.0):C1:[diagnostics={java.vendor=Oracle Corporation, os=Windows 10, java.version=1.8.0_202, java.vm.version=25.202-b08, lucene.version=8.2.0, os.arch=amd64, java.runtime.version=1.8.0_202-b08, source=flush, os.version=10.0, timestamp=1572690367430}]:[attributes={Lucene50StoredFieldsFormat.mode=BEST_SPEED}]) Uninverting(_1z(8.2.0):C2:[diagnostics={java.vendor=Oracle Corporation, os=Windows 10, java.version=1.8.0_202, java.vm.version=25.202-b08, lucene.version=8.2.0, os.arch=amd64, java.runtime.version=1.8.0_202-b08, source=flush, os.version=10.0, timestamp=1583897288453}]:[attributes={Lucene50StoredFieldsFormat.mode=BEST_SPEED}])))}
2020-03-11 07:54:53.552 INFO  (searcherExecutor-10-thread-1-processing-x:appDbMaterialAddress) [   x:appDbMaterialAddress] o.a.s.c.QuerySenderListener QuerySenderListener done.
2020-03-11 07:54:53.552 INFO  (searcherExecutor-10-thread-1-processing-x:appDbMaterialAddress) [   x:appDbMaterialAddress] o.a.s.h.c.SpellCheckComponent Loading spell index for spellchecker: default
2020-03-11 07:54:53.552 INFO  (searcherExecutor-12-thread-1-processing-x:appDbDisasterShelter) [   x:appDbDisasterShelter] o.a.s.c.QuerySenderListener QuerySenderListener done.
2020-03-11 07:54:53.552 INFO  (searcherExecutor-12-thread-1-processing-x:appDbDisasterShelter) [   x:appDbDisasterShelter] o.a.s.h.c.SpellCheckComponent Loading spell index for spellchecker: default
2020-03-11 07:54:53.552 INFO  (searcherExecutor-11-thread-1-processing-x:appDbProtectionobject) [   x:appDbProtectionobject] o.a.s.c.QuerySenderListener QuerySenderListener done.
2020-03-11 07:54:53.552 INFO  (searcherExecutor-11-thread-1-processing-x:appDbProtectionobject) [   x:appDbProtectionobject] o.a.s.h.c.SpellCheckComponent Loading spell index for spellchecker: default
2020-03-11 07:54:53.567 INFO  (searcherExecutor-12-thread-1-processing-x:appDbDisasterShelter) [   x:appDbDisasterShelter] o.a.s.c.SolrCore [appDbDisasterShelter] Registered new searcher Searcher@2ee9773[appDbDisasterShelter] main{ExitableDirectoryReader(UninvertingDirectoryReader(Uninverting(_17(8.2.0):C70/2:[diagnostics={java.vendor=Oracle Corporation, os=Windows 10, java.version=1.8.0_202, java.vm.version=25.202-b08, lucene.version=8.2.0, os.arch=amd64, java.runtime.version=1.8.0_202-b08, source=flush, os.version=10.0, timestamp=1572688775969}]:[attributes={Lucene50StoredFieldsFormat.mode=BEST_SPEED}]:delGen=2) Uninverting(_1y(8.2.0):C1:[diagnostics={java.vendor=Oracle Corporation, os=Windows 10, java.version=1.8.0_202, java.vm.version=25.202-b08, lucene.version=8.2.0, os.arch=amd64, java.runtime.version=1.8.0_202-b08, source=flush, os.version=10.0, timestamp=1572690367430}]:[attributes={Lucene50StoredFieldsFormat.mode=BEST_SPEED}]) Uninverting(_1z(8.2.0):C2:[diagnostics={java.vendor=Oracle Corporation, os=Windows 10, java.version=1.8.0_202, java.vm.version=25.202-b08, lucene.version=8.2.0, os.arch=amd64, java.runtime.version=1.8.0_202-b08, source=flush, os.version=10.0, timestamp=1583897288453}]:[attributes={Lucene50StoredFieldsFormat.mode=BEST_SPEED}])))}
2020-03-11 07:54:53.568 INFO  (searcherExecutor-10-thread-1-processing-x:appDbMaterialAddress) [   x:appDbMaterialAddress] o.a.s.c.SolrCore [appDbMaterialAddress] Registered new searcher Searcher@eece327[appDbMaterialAddress] main{ExitableDirectoryReader(UninvertingDirectoryReader(Uninverting(_g(8.2.0):C369/2:[diagnostics={java.vendor=Oracle Corporation, os=Windows 10, java.version=1.8.0_202, java.vm.version=25.202-b08, lucene.version=8.2.0, os.arch=amd64, java.runtime.version=1.8.0_202-b08, source=flush, os.version=10.0, timestamp=1572688785126}]:[attributes={Lucene50StoredFieldsFormat.mode=BEST_SPEED}]:delGen=2) Uninverting(_17(8.2.0):C1:[diagnostics={java.vendor=Oracle Corporation, os=Windows 10, java.version=1.8.0_202, java.vm.version=25.202-b08, lucene.version=8.2.0, os.arch=amd64, java.runtime.version=1.8.0_202-b08, source=flush, os.version=10.0, timestamp=1572690367510}]:[attributes={Lucene50StoredFieldsFormat.mode=BEST_SPEED}]) Uninverting(_18(8.2.0):C1134:[diagnostics={java.vendor=Oracle Corporation, os=Windows 10, java.version=1.8.0_202, java.vm.version=25.202-b08, lucene.version=8.2.0, os.arch=amd64, java.runtime.version=1.8.0_202-b08, source=flush, os.version=10.0, timestamp=1583897292342}]:[attributes={Lucene50StoredFieldsFormat.mode=BEST_SPEED}])))}
2020-03-11 07:54:53.568 INFO  (searcherExecutor-11-thread-1-processing-x:appDbProtectionobject) [   x:appDbProtectionobject] o.a.s.c.SolrCore [appDbProtectionobject] Registered new searcher Searcher@39281dbb[appDbProtectionobject] main{ExitableDirectoryReader(UninvertingDirectoryReader(Uninverting(_a(8.2.0):C220/1:[diagnostics={java.vendor=Oracle Corporation, os=Windows 10, java.version=1.8.0_202, java.vm.version=25.202-b08, lucene.version=8.2.0, os.arch=amd64, java.runtime.version=1.8.0_202-b08, source=flush, os.version=10.0, timestamp=1572688792995}]:[attributes={Lucene50StoredFieldsFormat.mode=BEST_SPEED}]:delGen=1) Uninverting(_11(8.2.0):C1:[diagnostics={java.vendor=Oracle Corporation, os=Windows 10, java.version=1.8.0_202, java.vm.version=25.202-b08, lucene.version=8.2.0, os.arch=amd64, java.runtime.version=1.8.0_202-b08, source=flush, os.version=10.0, timestamp=1572690367582}]:[attributes={Lucene50StoredFieldsFormat.mode=BEST_SPEED}])))}
2020-03-11 07:54:53.599 INFO  (coreLoadExecutor-9-thread-1) [   ] o.a.s.c.SolrResourceLoader [appDbRisk] Added 68 libs to classloader, from paths: [/E:/工作/svn资源/solr/solr-8.2.0/contrib/analysis-extras/lib, /E:/工作/svn资源/solr/solr-8.2.0/contrib/clustering/lib, /E:/工作/svn资源/solr/solr-8.2.0/contrib/extraction/lib, /E:/工作/svn资源/solr/solr-8.2.0/contrib/langid/lib, /E:/工作/svn资源/solr/solr-8.2.0/contrib/velocity/lib, /E:/工作/svn资源/solr/solr-8.2.0/dist]
2020-03-11 07:54:53.601 INFO  (coreLoadExecutor-9-thread-2) [   ] o.a.s.c.SolrResourceLoader [appDbTeam] Added 68 libs to classloader, from paths: [/E:/工作/svn资源/solr/solr-8.2.0/contrib/analysis-extras/lib, /E:/工作/svn资源/solr/solr-8.2.0/contrib/clustering/lib, /E:/工作/svn资源/solr/solr-8.2.0/contrib/extraction/lib, /E:/工作/svn资源/solr/solr-8.2.0/contrib/langid/lib, /E:/工作/svn资源/solr/solr-8.2.0/contrib/velocity/lib, /E:/工作/svn资源/solr/solr-8.2.0/dist]
2020-03-11 07:54:53.611 INFO  (coreLoadExecutor-9-thread-3) [   ] o.a.s.c.SolrResourceLoader [appDbResourse] Added 68 libs to classloader, from paths: [/E:/工作/svn资源/solr/solr-8.2.0/contrib/analysis-extras/lib, /E:/工作/svn资源/solr/solr-8.2.0/contrib/clustering/lib, /E:/工作/svn资源/solr/solr-8.2.0/contrib/extraction/lib, /E:/工作/svn资源/solr/solr-8.2.0/contrib/langid/lib, /E:/工作/svn资源/solr/solr-8.2.0/contrib/velocity/lib, /E:/工作/svn资源/solr/solr-8.2.0/dist]
2020-03-11 07:54:53.648 INFO  (coreLoadExecutor-9-thread-1) [   ] o.a.s.c.SolrConfig Using Lucene MatchVersion: 8.2.0
2020-03-11 07:54:53.655 INFO  (coreLoadExecutor-9-thread-2) [   ] o.a.s.c.SolrConfig Using Lucene MatchVersion: 8.2.0
2020-03-11 07:54:53.660 INFO  (coreLoadExecutor-9-thread-3) [   ] o.a.s.c.SolrConfig Using Lucene MatchVersion: 8.2.0
2020-03-11 07:54:53.767 INFO  (coreLoadExecutor-9-thread-1) [   ] o.a.s.s.IndexSchema [appDbRisk] Schema name=default-config
2020-03-11 07:54:53.772 INFO  (coreLoadExecutor-9-thread-3) [   ] o.a.s.s.IndexSchema [appDbResourse] Schema name=default-config
2020-03-11 07:54:53.772 INFO  (coreLoadExecutor-9-thread-2) [   ] o.a.s.s.IndexSchema [appDbTeam] Schema name=default-config
2020-03-11 07:54:54.201 WARN  (coreLoadExecutor-9-thread-1) [   ] o.a.s.s.AbstractSpatialFieldType Replace 'com.spatial4j.core' with 'org.locationtech.spatial4j' in your schema.
2020-03-11 07:54:54.211 WARN  (coreLoadExecutor-9-thread-2) [   ] o.a.s.s.AbstractSpatialFieldType Replace 'com.spatial4j.core' with 'org.locationtech.spatial4j' in your schema.
2020-03-11 07:54:54.329 INFO  (coreLoadExecutor-9-thread-2) [   ] o.a.s.s.IndexSchema Loaded schema default-config/1.6 with uniqueid field id
2020-03-11 07:54:54.360 INFO  (coreLoadExecutor-9-thread-3) [   ] o.a.s.s.IndexSchema Loaded schema default-config/1.6 with uniqueid field id
2020-03-11 07:54:54.366 INFO  (coreLoadExecutor-9-thread-1) [   ] o.a.s.s.IndexSchema Loaded schema default-config/1.6 with uniqueid field id
2020-03-11 07:54:54.390 INFO  (coreLoadExecutor-9-thread-2) [   ] o.a.s.c.CoreContainer Creating SolrCore 'appDbTeam' using configuration from instancedir E:\工作\svn资源\solr\solr-8.2.0\server\solr\appDbTeam, trusted=true
2020-03-11 07:54:54.392 INFO  (coreLoadExecutor-9-thread-2) [   ] o.a.s.m.r.SolrJmxReporter JMX monitoring for 'solr.core.appDbTeam' (registry 'solr.core.appDbTeam') enabled at server: com.sun.jmx.mbeanserver.JmxMBeanServer@4034c28c
2020-03-11 07:54:54.392 INFO  (coreLoadExecutor-9-thread-2) [   ] o.a.s.c.SolrCore [[appDbTeam] ] Opening new SolrCore at [E:\工作\svn资源\solr\solr-8.2.0\server\solr\appDbTeam], dataDir=[E:\工作\svn资源\solr\solr-8.2.0\server\solr\appDbTeam\data\]
2020-03-11 07:54:54.409 INFO  (coreLoadExecutor-9-thread-2) [   ] o.a.s.r.XSLTResponseWriter xsltCacheLifetimeSeconds=5
2020-03-11 07:54:54.417 INFO  (coreLoadExecutor-9-thread-3) [   ] o.a.s.c.CoreContainer Creating SolrCore 'appDbResourse' using configuration from instancedir E:\工作\svn资源\solr\solr-8.2.0\server\solr\appDbResourse, trusted=true
2020-03-11 07:54:54.418 INFO  (coreLoadExecutor-9-thread-3) [   ] o.a.s.m.r.SolrJmxReporter JMX monitoring for 'solr.core.appDbResourse' (registry 'solr.core.appDbResourse') enabled at server: com.sun.jmx.mbeanserver.JmxMBeanServer@4034c28c
2020-03-11 07:54:54.419 INFO  (coreLoadExecutor-9-thread-3) [   ] o.a.s.c.SolrCore [[appDbResourse] ] Opening new SolrCore at [E:\工作\svn资源\solr\solr-8.2.0\server\solr\appDbResourse], dataDir=[E:\工作\svn资源\solr\solr-8.2.0\server\solr\appDbResourse\data\]
2020-03-11 07:54:54.454 INFO  (coreLoadExecutor-9-thread-3) [   ] o.a.s.r.XSLTResponseWriter xsltCacheLifetimeSeconds=5
2020-03-11 07:54:54.475 INFO  (coreLoadExecutor-9-thread-1) [   ] o.a.s.c.CoreContainer Creating SolrCore 'appDbRisk' using configuration from instancedir E:\工作\svn资源\solr\solr-8.2.0\server\solr\appDbRisk, trusted=true
2020-03-11 07:54:54.476 INFO  (coreLoadExecutor-9-thread-1) [   ] o.a.s.m.r.SolrJmxReporter JMX monitoring for 'solr.core.appDbRisk' (registry 'solr.core.appDbRisk') enabled at server: com.sun.jmx.mbeanserver.JmxMBeanServer@4034c28c
2020-03-11 07:54:54.476 INFO  (coreLoadExecutor-9-thread-1) [   ] o.a.s.c.SolrCore [[appDbRisk] ] Opening new SolrCore at [E:\工作\svn资源\solr\solr-8.2.0\server\solr\appDbRisk], dataDir=[E:\工作\svn资源\solr\solr-8.2.0\server\solr\appDbRisk\data\]
2020-03-11 07:54:54.497 INFO  (coreLoadExecutor-9-thread-1) [   ] o.a.s.r.XSLTResponseWriter xsltCacheLifetimeSeconds=5
2020-03-11 07:54:54.567 INFO  (coreLoadExecutor-9-thread-2) [   ] o.a.s.u.UpdateHandler Using UpdateLog implementation: org.apache.solr.update.UpdateLog
2020-03-11 07:54:54.567 INFO  (coreLoadExecutor-9-thread-2) [   ] o.a.s.u.UpdateLog Initializing UpdateLog: dataDir= defaultSyncLevel=FLUSH numRecordsToKeep=100 maxNumLogsToKeep=10 numVersionBuckets=65536
2020-03-11 07:54:54.577 INFO  (coreLoadExecutor-9-thread-2) [   ] o.a.s.u.CommitTracker Hard AutoCommit: if uncommitted for 15000ms; 
2020-03-11 07:54:54.578 INFO  (coreLoadExecutor-9-thread-2) [   ] o.a.s.u.CommitTracker Soft AutoCommit: disabled
2020-03-11 07:54:54.603 INFO  (qtp1540374340-23) [   ] o.a.s.s.HttpSolrCall [admin] webapp=null path=/admin/info/system params={wt=json} status=0 QTime=183
2020-03-11 07:54:54.607 INFO  (coreLoadExecutor-9-thread-3) [   ] o.a.s.u.UpdateHandler Using UpdateLog implementation: org.apache.solr.update.UpdateLog
2020-03-11 07:54:54.607 INFO  (coreLoadExecutor-9-thread-3) [   ] o.a.s.u.UpdateLog Initializing UpdateLog: dataDir= defaultSyncLevel=FLUSH numRecordsToKeep=100 maxNumLogsToKeep=10 numVersionBuckets=65536
2020-03-11 07:54:54.612 INFO  (coreLoadExecutor-9-thread-3) [   ] o.a.s.u.CommitTracker Hard AutoCommit: if uncommitted for 15000ms; 
2020-03-11 07:54:54.612 INFO  (coreLoadExecutor-9-thread-3) [   ] o.a.s.u.CommitTracker Soft AutoCommit: disabled
2020-03-11 07:54:54.637 INFO  (coreLoadExecutor-9-thread-2) [   ] o.a.s.s.SolrIndexSearcher Opening [Searcher@1881a8b1[appDbTeam] main]
2020-03-11 07:54:54.638 INFO  (coreLoadExecutor-9-thread-2) [   ] o.a.s.r.ManagedResourceStorage File-based storage initialized to use dir: E:\工作\svn资源\solr\solr-8.2.0\server\solr\appDbTeam\conf
2020-03-11 07:54:54.639 INFO  (coreLoadExecutor-9-thread-3) [   ] o.a.s.s.SolrIndexSearcher Opening [Searcher@1a91f3b[appDbResourse] main]
2020-03-11 07:54:54.639 INFO  (coreLoadExecutor-9-thread-2) [   ] o.a.s.h.c.SpellCheckComponent Initializing spell checkers
2020-03-11 07:54:54.639 INFO  (coreLoadExecutor-9-thread-2) [   ] o.a.s.s.DirectSolrSpellChecker init: {name=default,field=_text_,classname=solr.DirectSolrSpellChecker,distanceMeasure=internal,accuracy=0.5,maxEdits=2,minPrefix=1,maxInspections=5,minQueryLength=4,maxQueryFrequency=0.01}
2020-03-11 07:54:54.639 INFO  (coreLoadExecutor-9-thread-3) [   ] o.a.s.r.ManagedResourceStorage File-based storage initialized to use dir: E:\工作\svn资源\solr\solr-8.2.0\server\solr\appDbResourse\conf
2020-03-11 07:54:54.640 INFO  (coreLoadExecutor-9-thread-3) [   ] o.a.s.h.c.SpellCheckComponent Initializing spell checkers
2020-03-11 07:54:54.640 INFO  (coreLoadExecutor-9-thread-3) [   ] o.a.s.s.DirectSolrSpellChecker init: {name=default,field=_text_,classname=solr.DirectSolrSpellChecker,distanceMeasure=internal,accuracy=0.5,maxEdits=2,minPrefix=1,maxInspections=5,minQueryLength=4,maxQueryFrequency=0.01}
2020-03-11 07:54:54.642 INFO  (coreLoadExecutor-9-thread-2) [   ] o.a.s.h.ReplicationHandler Commits will be reserved for 10000ms.
2020-03-11 07:54:54.646 INFO  (coreLoadExecutor-9-thread-3) [   ] o.a.s.h.ReplicationHandler Commits will be reserved for 10000ms.
2020-03-11 07:54:54.650 INFO  (searcherExecutor-25-thread-1) [   ] o.a.s.c.QuerySenderListener QuerySenderListener sending requests to Searcher@1881a8b1[appDbTeam] main{ExitableDirectoryReader(UninvertingDirectoryReader(Uninverting(_9(8.2.0):C996/3:[diagnostics={java.vendor=Oracle Corporation, os=Windows 10, java.version=1.8.0_202, java.vm.version=25.202-b08, lucene.version=8.2.0, os.arch=amd64, java.runtime.version=1.8.0_202-b08, source=flush, os.version=10.0, timestamp=1572688813014}]:[attributes={Lucene50StoredFieldsFormat.mode=BEST_SPEED}]:delGen=3) Uninverting(_z(8.2.0):C2:[diagnostics={java.vendor=Oracle Corporation, os=Windows 10, java.version=1.8.0_202, java.vm.version=25.202-b08, lucene.version=8.2.0, os.arch=amd64, java.runtime.version=1.8.0_202-b08, source=flush, os.version=10.0, timestamp=1572690367726}]:[attributes={Lucene50StoredFieldsFormat.mode=BEST_SPEED}]) Uninverting(_10(8.2.0):C4:[diagnostics={java.vendor=Oracle Corporation, os=Windows 10, java.version=1.8.0_202, java.vm.version=25.202-b08, lucene.version=8.2.0, os.arch=amd64, java.runtime.version=1.8.0_202-b08, source=flush, os.version=10.0, timestamp=1583897292755}]:[attributes={Lucene50StoredFieldsFormat.mode=BEST_SPEED}])))}
2020-03-11 07:54:54.650 INFO  (searcherExecutor-25-thread-1) [   ] o.a.s.c.QuerySenderListener QuerySenderListener done.
2020-03-11 07:54:54.650 INFO  (searcherExecutor-25-thread-1) [   ] o.a.s.h.c.SpellCheckComponent Loading spell index for spellchecker: default
2020-03-11 07:54:54.652 INFO  (coreLoadExecutor-9-thread-3) [   ] o.a.s.c.SolrResourceLoader [null] Added 3 libs to classloader, from paths: [/E:/工作/svn资源/solr/solr-8.2.0/server/solr/Area/lib]
2020-03-11 07:54:54.656 INFO  (searcherExecutor-26-thread-1) [   ] o.a.s.c.QuerySenderListener QuerySenderListener sending requests to Searcher@1a91f3b[appDbResourse] main{ExitableDirectoryReader(UninvertingDirectoryReader(Uninverting(_0(8.2.0):C369:[diagnostics={java.vendor=Oracle Corporation, os=Windows 10, java.version=1.8.0_202, java.vm.version=25.202-b08, lucene.version=8.2.0, os.arch=amd64, java.runtime.version=1.8.0_202-b08, source=flush, os.version=10.0, timestamp=1572575183912}]:[attributes={Lucene50StoredFieldsFormat.mode=BEST_SPEED}])))}
2020-03-11 07:54:54.657 INFO  (searcherExecutor-26-thread-1) [   ] o.a.s.c.QuerySenderListener QuerySenderListener done.
2020-03-11 07:54:54.657 INFO  (searcherExecutor-26-thread-1) [   ] o.a.s.h.c.SpellCheckComponent Loading spell index for spellchecker: default
2020-03-11 07:54:54.660 INFO  (searcherExecutor-25-thread-1) [   ] o.a.s.c.SolrCore [appDbTeam] Registered new searcher Searcher@1881a8b1[appDbTeam] main{ExitableDirectoryReader(UninvertingDirectoryReader(Uninverting(_9(8.2.0):C996/3:[diagnostics={java.vendor=Oracle Corporation, os=Windows 10, java.version=1.8.0_202, java.vm.version=25.202-b08, lucene.version=8.2.0, os.arch=amd64, java.runtime.version=1.8.0_202-b08, source=flush, os.version=10.0, timestamp=1572688813014}]:[attributes={Lucene50StoredFieldsFormat.mode=BEST_SPEED}]:delGen=3) Uninverting(_z(8.2.0):C2:[diagnostics={java.vendor=Oracle Corporation, os=Windows 10, java.version=1.8.0_202, java.vm.version=25.202-b08, lucene.version=8.2.0, os.arch=amd64, java.runtime.version=1.8.0_202-b08, source=flush, os.version=10.0, timestamp=1572690367726}]:[attributes={Lucene50StoredFieldsFormat.mode=BEST_SPEED}]) Uninverting(_10(8.2.0):C4:[diagnostics={java.vendor=Oracle Corporation, os=Windows 10, java.version=1.8.0_202, java.vm.version=25.202-b08, lucene.version=8.2.0, os.arch=amd64, java.runtime.version=1.8.0_202-b08, source=flush, os.version=10.0, timestamp=1583897292755}]:[attributes={Lucene50StoredFieldsFormat.mode=BEST_SPEED}])))}
2020-03-11 07:54:54.663 INFO  (searcherExecutor-26-thread-1) [   ] o.a.s.c.SolrCore [appDbResourse] Registered new searcher Searcher@1a91f3b[appDbResourse] main{ExitableDirectoryReader(UninvertingDirectoryReader(Uninverting(_0(8.2.0):C369:[diagnostics={java.vendor=Oracle Corporation, os=Windows 10, java.version=1.8.0_202, java.vm.version=25.202-b08, lucene.version=8.2.0, os.arch=amd64, java.runtime.version=1.8.0_202-b08, source=flush, os.version=10.0, timestamp=1572575183912}]:[attributes={Lucene50StoredFieldsFormat.mode=BEST_SPEED}])))}
2020-03-11 07:54:54.668 INFO  (coreLoadExecutor-9-thread-1) [   ] o.a.s.u.UpdateHandler Using UpdateLog implementation: org.apache.solr.update.UpdateLog
2020-03-11 07:54:54.668 INFO  (coreLoadExecutor-9-thread-1) [   ] o.a.s.u.UpdateLog Initializing UpdateLog: dataDir= defaultSyncLevel=FLUSH numRecordsToKeep=100 maxNumLogsToKeep=10 numVersionBuckets=65536
2020-03-11 07:54:54.681 INFO  (coreLoadExecutor-9-thread-1) [   ] o.a.s.u.CommitTracker Hard AutoCommit: if uncommitted for 15000ms; 
2020-03-11 07:54:54.681 INFO  (coreLoadExecutor-9-thread-1) [   ] o.a.s.u.CommitTracker Soft AutoCommit: disabled
2020-03-11 07:54:54.715 INFO  (coreLoadExecutor-9-thread-2) [   ] o.a.s.c.SolrResourceLoader [app_contactor] Added 68 libs to classloader, from paths: [/E:/工作/svn资源/solr/solr-8.2.0/contrib/analysis-extras/lib, /E:/工作/svn资源/solr/solr-8.2.0/contrib/clustering/lib, /E:/工作/svn资源/solr/solr-8.2.0/contrib/extraction/lib, /E:/工作/svn资源/solr/solr-8.2.0/contrib/langid/lib, /E:/工作/svn资源/solr/solr-8.2.0/contrib/velocity/lib, /E:/工作/svn资源/solr/solr-8.2.0/dist]
2020-03-11 07:54:54.730 INFO  (coreLoadExecutor-9-thread-3) [   ] o.a.s.c.SolrResourceLoader [Area] Added 61 libs to classloader, from paths: [/E:/工作/svn资源/solr/solr-8.2.0/contrib/clustering/lib, /E:/工作/svn资源/solr/solr-8.2.0/contrib/extraction/lib, /E:/工作/svn资源/solr/solr-8.2.0/contrib/langid/lib, /E:/工作/svn资源/solr/solr-8.2.0/contrib/velocity/lib, /E:/工作/svn资源/solr/solr-8.2.0/dist]
2020-03-11 07:54:54.765 INFO  (coreLoadExecutor-9-thread-2) [   ] o.a.s.c.SolrConfig Using Lucene MatchVersion: 8.2.0
2020-03-11 07:54:54.768 INFO  (coreLoadExecutor-9-thread-1) [   ] o.a.s.s.SolrIndexSearcher Opening [Searcher@121fd4a1[appDbRisk] main]
2020-03-11 07:54:54.771 INFO  (coreLoadExecutor-9-thread-3) [   ] o.a.s.c.SolrConfig Using Lucene MatchVersion: 8.2.0
2020-03-11 07:54:54.775 INFO  (coreLoadExecutor-9-thread-1) [   ] o.a.s.r.ManagedResourceStorage File-based storage initialized to use dir: E:\工作\svn资源\solr\solr-8.2.0\server\solr\appDbRisk\conf
2020-03-11 07:54:54.778 INFO  (coreLoadExecutor-9-thread-1) [   ] o.a.s.h.c.SpellCheckComponent Initializing spell checkers
2020-03-11 07:54:54.778 INFO  (coreLoadExecutor-9-thread-1) [   ] o.a.s.s.DirectSolrSpellChecker init: {name=default,field=_text_,classname=solr.DirectSolrSpellChecker,distanceMeasure=internal,accuracy=0.5,maxEdits=2,minPrefix=1,maxInspections=5,minQueryLength=4,maxQueryFrequency=0.01}
2020-03-11 07:54:54.782 INFO  (coreLoadExecutor-9-thread-1) [   ] o.a.s.h.ReplicationHandler Commits will be reserved for 10000ms.
2020-03-11 07:54:54.787 INFO  (searcherExecutor-27-thread-1) [   ] o.a.s.c.QuerySenderListener QuerySenderListener sending requests to Searcher@121fd4a1[appDbRisk] main{ExitableDirectoryReader(UninvertingDirectoryReader(Uninverting(_4(8.2.0):C243/2:[diagnostics={java.vendor=Oracle Corporation, os=Windows 10, java.version=1.8.0_202, java.vm.version=25.202-b08, lucene.version=8.2.0, os.arch=amd64, java.runtime.version=1.8.0_202-b08, source=flush, os.version=10.0, timestamp=1572688804171}]:[attributes={Lucene50StoredFieldsFormat.mode=BEST_SPEED}]:delGen=2) Uninverting(_v(8.2.0):C1:[diagnostics={java.vendor=Oracle Corporation, os=Windows 10, java.version=1.8.0_202, java.vm.version=25.202-b08, lucene.version=8.2.0, os.arch=amd64, java.runtime.version=1.8.0_202-b08, source=flush, os.version=10.0, timestamp=1572690367652}]:[attributes={Lucene50StoredFieldsFormat.mode=BEST_SPEED}]) Uninverting(_w(8.2.0):C4:[diagnostics={java.vendor=Oracle Corporation, os=Windows 10, java.version=1.8.0_202, java.vm.version=25.202-b08, lucene.version=8.2.0, os.arch=amd64, java.runtime.version=1.8.0_202-b08, source=flush, os.version=10.0, timestamp=1583897292588}]:[attributes={Lucene50StoredFieldsFormat.mode=BEST_SPEED}])))}
2020-03-11 07:54:54.787 INFO  (searcherExecutor-27-thread-1) [   ] o.a.s.c.QuerySenderListener QuerySenderListener done.
2020-03-11 07:54:54.787 INFO  (searcherExecutor-27-thread-1) [   ] o.a.s.h.c.SpellCheckComponent Loading spell index for spellchecker: default
2020-03-11 07:54:54.794 INFO  (searcherExecutor-27-thread-1) [   ] o.a.s.c.SolrCore [appDbRisk] Registered new searcher Searcher@121fd4a1[appDbRisk] main{ExitableDirectoryReader(UninvertingDirectoryReader(Uninverting(_4(8.2.0):C243/2:[diagnostics={java.vendor=Oracle Corporation, os=Windows 10, java.version=1.8.0_202, java.vm.version=25.202-b08, lucene.version=8.2.0, os.arch=amd64, java.runtime.version=1.8.0_202-b08, source=flush, os.version=10.0, timestamp=1572688804171}]:[attributes={Lucene50StoredFieldsFormat.mode=BEST_SPEED}]:delGen=2) Uninverting(_v(8.2.0):C1:[diagnostics={java.vendor=Oracle Corporation, os=Windows 10, java.version=1.8.0_202, java.vm.version=25.202-b08, lucene.version=8.2.0, os.arch=amd64, java.runtime.version=1.8.0_202-b08, source=flush, os.version=10.0, timestamp=1572690367652}]:[attributes={Lucene50StoredFieldsFormat.mode=BEST_SPEED}]) Uninverting(_w(8.2.0):C4:[diagnostics={java.vendor=Oracle Corporation, os=Windows 10, java.version=1.8.0_202, java.vm.version=25.202-b08, lucene.version=8.2.0, os.arch=amd64, java.runtime.version=1.8.0_202-b08, source=flush, os.version=10.0, timestamp=1583897292588}]:[attributes={Lucene50StoredFieldsFormat.mode=BEST_SPEED}])))}
2020-03-11 07:54:54.828 INFO  (coreLoadExecutor-9-thread-1) [   ] o.a.s.c.SolrResourceLoader [test] Added 61 libs to classloader, from paths: [/E:/工作/svn资源/solr/solr-8.2.0/contrib/clustering/lib, /E:/工作/svn资源/solr/solr-8.2.0/contrib/extraction/lib, /E:/工作/svn资源/solr/solr-8.2.0/contrib/langid/lib, /E:/工作/svn资源/solr/solr-8.2.0/contrib/velocity/lib, /E:/工作/svn资源/solr/solr-8.2.0/dist]
2020-03-11 07:54:54.868 INFO  (coreLoadExecutor-9-thread-3) [   ] o.a.s.s.IndexSchema [Area] Schema name=default-config
2020-03-11 07:54:54.871 INFO  (coreLoadExecutor-9-thread-2) [   ] o.a.s.s.IndexSchema [app_contactor] Schema name=default-config
2020-03-11 07:54:54.872 INFO  (coreLoadExecutor-9-thread-1) [   ] o.a.s.c.SolrConfig Using Lucene MatchVersion: 8.2.0
2020-03-11 07:54:55.015 INFO  (coreLoadExecutor-9-thread-1) [   ] o.a.s.s.IndexSchema [test] Schema name=default-config
2020-03-11 07:54:55.374 INFO  (coreLoadExecutor-9-thread-3) [   ] o.a.s.s.IndexSchema Loaded schema default-config/1.6 with uniqueid field id
2020-03-11 07:54:55.375 INFO  (coreLoadExecutor-9-thread-2) [   ] o.a.s.s.IndexSchema Loaded schema default-config/1.6 with uniqueid field id
2020-03-11 07:54:55.426 INFO  (coreLoadExecutor-9-thread-2) [   ] o.a.s.c.CoreContainer Creating SolrCore 'app_contactor' using configuration from instancedir E:\工作\svn资源\solr\solr-8.2.0\server\solr\app_contactor, trusted=true
2020-03-11 07:54:55.426 INFO  (coreLoadExecutor-9-thread-2) [   ] o.a.s.m.r.SolrJmxReporter JMX monitoring for 'solr.core.app_contactor' (registry 'solr.core.app_contactor') enabled at server: com.sun.jmx.mbeanserver.JmxMBeanServer@4034c28c
2020-03-11 07:54:55.426 INFO  (coreLoadExecutor-9-thread-2) [   ] o.a.s.c.SolrCore [[app_contactor] ] Opening new SolrCore at [E:\工作\svn资源\solr\solr-8.2.0\server\solr\app_contactor], dataDir=[E:\工作\svn资源\solr\solr-8.2.0\server\solr\app_contactor\data\]
2020-03-11 07:54:55.428 INFO  (coreLoadExecutor-9-thread-3) [   ] o.a.s.c.CoreContainer Creating SolrCore 'Area' using configuration from instancedir E:\工作\svn资源\solr\solr-8.2.0\server\solr\Area, trusted=true
2020-03-11 07:54:55.428 INFO  (coreLoadExecutor-9-thread-3) [   ] o.a.s.m.r.SolrJmxReporter JMX monitoring for 'solr.core.Area' (registry 'solr.core.Area') enabled at server: com.sun.jmx.mbeanserver.JmxMBeanServer@4034c28c
2020-03-11 07:54:55.428 INFO  (coreLoadExecutor-9-thread-3) [   ] o.a.s.c.SolrCore [[Area] ] Opening new SolrCore at [E:\工作\svn资源\solr\solr-8.2.0\server\solr\Area], dataDir=[E:\工作\svn资源\solr\solr-8.2.0\server\solr\Area\data\]
2020-03-11 07:54:55.438 INFO  (coreLoadExecutor-9-thread-2) [   ] o.a.s.r.XSLTResponseWriter xsltCacheLifetimeSeconds=5
2020-03-11 07:54:55.440 INFO  (coreLoadExecutor-9-thread-3) [   ] o.a.s.r.XSLTResponseWriter xsltCacheLifetimeSeconds=5
2020-03-11 07:54:55.442 INFO  (coreLoadExecutor-9-thread-1) [   ] o.a.s.s.IndexSchema Loaded schema default-config/1.6 with uniqueid field id
2020-03-11 07:54:55.506 INFO  (coreLoadExecutor-9-thread-1) [   ] o.a.s.c.CoreContainer Creating SolrCore 'test' using configuration from instancedir E:\工作\svn资源\solr\solr-8.2.0\server\solr\test, trusted=true
2020-03-11 07:54:55.507 INFO  (coreLoadExecutor-9-thread-1) [   ] o.a.s.m.r.SolrJmxReporter JMX monitoring for 'solr.core.test' (registry 'solr.core.test') enabled at server: com.sun.jmx.mbeanserver.JmxMBeanServer@4034c28c
2020-03-11 07:54:55.507 INFO  (coreLoadExecutor-9-thread-1) [   ] o.a.s.c.SolrCore [[test] ] Opening new SolrCore at [E:\工作\svn资源\solr\solr-8.2.0\server\solr\test], dataDir=[E:\工作\svn资源\solr\solr-8.2.0\server\solr\test\data\]
2020-03-11 07:54:55.523 INFO  (coreLoadExecutor-9-thread-1) [   ] o.a.s.r.XSLTResponseWriter xsltCacheLifetimeSeconds=5
2020-03-11 07:54:55.546 INFO  (coreLoadExecutor-9-thread-2) [   ] o.a.s.u.UpdateHandler Using UpdateLog implementation: org.apache.solr.update.UpdateLog
2020-03-11 07:54:55.546 INFO  (coreLoadExecutor-9-thread-2) [   ] o.a.s.u.UpdateLog Initializing UpdateLog: dataDir= defaultSyncLevel=FLUSH numRecordsToKeep=100 maxNumLogsToKeep=10 numVersionBuckets=65536
2020-03-11 07:54:55.550 INFO  (coreLoadExecutor-9-thread-3) [   ] o.a.s.u.UpdateHandler Using UpdateLog implementation: org.apache.solr.update.UpdateLog
2020-03-11 07:54:55.550 INFO  (coreLoadExecutor-9-thread-3) [   ] o.a.s.u.UpdateLog Initializing UpdateLog: dataDir= defaultSyncLevel=FLUSH numRecordsToKeep=100 maxNumLogsToKeep=10 numVersionBuckets=65536
2020-03-11 07:54:55.554 INFO  (coreLoadExecutor-9-thread-3) [   ] o.a.s.u.CommitTracker Hard AutoCommit: if uncommitted for 15000ms; 
2020-03-11 07:54:55.555 INFO  (coreLoadExecutor-9-thread-3) [   ] o.a.s.u.CommitTracker Soft AutoCommit: disabled
2020-03-11 07:54:55.560 INFO  (coreLoadExecutor-9-thread-2) [   ] o.a.s.u.CommitTracker Hard AutoCommit: if uncommitted for 15000ms; 
2020-03-11 07:54:55.560 INFO  (coreLoadExecutor-9-thread-2) [   ] o.a.s.u.CommitTracker Soft AutoCommit: disabled
2020-03-11 07:54:55.563 INFO  (coreLoadExecutor-9-thread-3) [   ] o.a.s.s.SolrIndexSearcher Opening [Searcher@612c213f[Area] main]
2020-03-11 07:54:55.565 INFO  (coreLoadExecutor-9-thread-3) [   ] o.a.s.r.ManagedResourceStorage File-based storage initialized to use dir: E:\工作\svn资源\solr\solr-8.2.0\server\solr\Area\conf
2020-03-11 07:54:55.566 INFO  (coreLoadExecutor-9-thread-3) [   ] o.a.s.h.c.SpellCheckComponent Initializing spell checkers
2020-03-11 07:54:55.566 INFO  (coreLoadExecutor-9-thread-3) [   ] o.a.s.s.DirectSolrSpellChecker init: {name=default,field=_text_,classname=solr.DirectSolrSpellChecker,distanceMeasure=internal,accuracy=0.5,maxEdits=2,minPrefix=1,maxInspections=5,minQueryLength=4,maxQueryFrequency=0.01}
2020-03-11 07:54:55.569 INFO  (coreLoadExecutor-9-thread-3) [   ] o.a.s.h.ReplicationHandler Commits will be reserved for 10000ms.
2020-03-11 07:54:55.570 INFO  (coreLoadExecutor-9-thread-3) [   ] o.a.s.u.UpdateLog Could not find max version in index or recent updates, using new clock 1660853467815608320
2020-03-11 07:54:55.575 INFO  (searcherExecutor-41-thread-1) [   ] o.a.s.c.QuerySenderListener QuerySenderListener sending requests to Searcher@612c213f[Area] main{ExitableDirectoryReader(UninvertingDirectoryReader())}
2020-03-11 07:54:55.575 INFO  (searcherExecutor-41-thread-1) [   ] o.a.s.c.QuerySenderListener QuerySenderListener done.
2020-03-11 07:54:55.575 INFO  (searcherExecutor-41-thread-1) [   ] o.a.s.h.c.SpellCheckComponent Loading spell index for spellchecker: default
2020-03-11 07:54:55.578 INFO  (searcherExecutor-41-thread-1) [   ] o.a.s.c.SolrCore [Area] Registered new searcher Searcher@612c213f[Area] main{ExitableDirectoryReader(UninvertingDirectoryReader())}
2020-03-11 07:54:55.618 INFO  (coreLoadExecutor-9-thread-2) [   ] o.a.s.s.SolrIndexSearcher Opening [Searcher@825e4e5[app_contactor] main]
2020-03-11 07:54:55.618 INFO  (coreLoadExecutor-9-thread-3) [   ] o.a.s.c.SolrResourceLoader [test1] Added 61 libs to classloader, from paths: [/E:/工作/svn资源/solr/solr-8.2.0/contrib/clustering/lib, /E:/工作/svn资源/solr/solr-8.2.0/contrib/extraction/lib, /E:/工作/svn资源/solr/solr-8.2.0/contrib/langid/lib, /E:/工作/svn资源/solr/solr-8.2.0/contrib/velocity/lib, /E:/工作/svn资源/solr/solr-8.2.0/dist]
2020-03-11 07:54:55.634 INFO  (coreLoadExecutor-9-thread-2) [   ] o.a.s.r.ManagedResourceStorage File-based storage initialized to use dir: E:\工作\svn资源\solr\solr-8.2.0\server\solr\app_contactor\conf
2020-03-11 07:54:55.639 INFO  (coreLoadExecutor-9-thread-2) [   ] o.a.s.h.c.SpellCheckComponent Initializing spell checkers
2020-03-11 07:54:55.639 INFO  (coreLoadExecutor-9-thread-2) [   ] o.a.s.s.DirectSolrSpellChecker init: {name=default,field=_text_,classname=solr.DirectSolrSpellChecker,distanceMeasure=internal,accuracy=0.5,maxEdits=2,minPrefix=1,maxInspections=5,minQueryLength=4,maxQueryFrequency=0.01}
2020-03-11 07:54:55.642 INFO  (coreLoadExecutor-9-thread-2) [   ] o.a.s.h.ReplicationHandler Commits will be reserved for 10000ms.
2020-03-11 07:54:55.667 INFO  (searcherExecutor-40-thread-1) [   ] o.a.s.c.QuerySenderListener QuerySenderListener sending requests to Searcher@825e4e5[app_contactor] main{ExitableDirectoryReader(UninvertingDirectoryReader(Uninverting(_a(8.2.0):C31661:[diagnostics={java.vendor=Oracle Corporation, os=Windows 10, java.version=1.8.0_202, java.vm.version=25.202-b08, lucene.version=8.2.0, os.arch=amd64, java.runtime.version=1.8.0_202-b08, source=flush, os.version=10.0, timestamp=1571648828593}]:[attributes={Lucene50StoredFieldsFormat.mode=BEST_SPEED}])))}
2020-03-11 07:54:55.667 INFO  (searcherExecutor-40-thread-1) [   ] o.a.s.c.QuerySenderListener QuerySenderListener done.
2020-03-11 07:54:55.667 INFO  (searcherExecutor-40-thread-1) [   ] o.a.s.h.c.SpellCheckComponent Loading spell index for spellchecker: default
2020-03-11 07:54:55.670 INFO  (searcherExecutor-40-thread-1) [   ] o.a.s.c.SolrCore [app_contactor] Registered new searcher Searcher@825e4e5[app_contactor] main{ExitableDirectoryReader(UninvertingDirectoryReader(Uninverting(_a(8.2.0):C31661:[diagnostics={java.vendor=Oracle Corporation, os=Windows 10, java.version=1.8.0_202, java.vm.version=25.202-b08, lucene.version=8.2.0, os.arch=amd64, java.runtime.version=1.8.0_202-b08, source=flush, os.version=10.0, timestamp=1571648828593}]:[attributes={Lucene50StoredFieldsFormat.mode=BEST_SPEED}])))}
2020-03-11 07:54:55.681 INFO  (coreLoadExecutor-9-thread-1) [   ] o.a.s.u.UpdateHandler Using UpdateLog implementation: org.apache.solr.update.UpdateLog
2020-03-11 07:54:55.681 INFO  (coreLoadExecutor-9-thread-1) [   ] o.a.s.u.UpdateLog Initializing UpdateLog: dataDir= defaultSyncLevel=FLUSH numRecordsToKeep=100 maxNumLogsToKeep=10 numVersionBuckets=65536
2020-03-11 07:54:55.687 INFO  (coreLoadExecutor-9-thread-1) [   ] o.a.s.u.CommitTracker Hard AutoCommit: if uncommitted for 15000ms; 
2020-03-11 07:54:55.687 INFO  (coreLoadExecutor-9-thread-1) [   ] o.a.s.u.CommitTracker Soft AutoCommit: disabled
2020-03-11 07:54:55.691 INFO  (coreLoadExecutor-9-thread-3) [   ] o.a.s.c.SolrConfig Using Lucene MatchVersion: 8.2.0
2020-03-11 07:54:55.708 INFO  (coreLoadExecutor-9-thread-2) [   ] o.a.s.c.SolrResourceLoader [test3] Added 61 libs to classloader, from paths: [/E:/工作/svn资源/solr/solr-8.2.0/contrib/clustering/lib, /E:/工作/svn资源/solr/solr-8.2.0/contrib/extraction/lib, /E:/工作/svn资源/solr/solr-8.2.0/contrib/langid/lib, /E:/工作/svn资源/solr/solr-8.2.0/contrib/velocity/lib, /E:/工作/svn资源/solr/solr-8.2.0/dist]
2020-03-11 07:54:55.709 INFO  (coreLoadExecutor-9-thread-1) [   ] o.a.s.s.SolrIndexSearcher Opening [Searcher@71aa6372[test] main]
2020-03-11 07:54:55.709 INFO  (coreLoadExecutor-9-thread-1) [   ] o.a.s.r.ManagedResourceStorage File-based storage initialized to use dir: E:\工作\svn资源\solr\solr-8.2.0\server\solr\test\conf
2020-03-11 07:54:55.710 INFO  (coreLoadExecutor-9-thread-1) [   ] o.a.s.h.c.SpellCheckComponent Initializing spell checkers
2020-03-11 07:54:55.710 INFO  (coreLoadExecutor-9-thread-1) [   ] o.a.s.s.DirectSolrSpellChecker init: {name=default,field=_text_,classname=solr.DirectSolrSpellChecker,distanceMeasure=internal,accuracy=0.5,maxEdits=2,minPrefix=1,maxInspections=5,minQueryLength=4,maxQueryFrequency=0.01}
2020-03-11 07:54:55.718 INFO  (coreLoadExecutor-9-thread-1) [   ] o.a.s.h.ReplicationHandler Commits will be reserved for 10000ms.
2020-03-11 07:54:55.719 INFO  (coreLoadExecutor-9-thread-1) [   ] o.a.s.u.UpdateLog Could not find max version in index or recent updates, using new clock 1660853467971846144
2020-03-11 07:54:55.725 INFO  (searcherExecutor-42-thread-1) [   ] o.a.s.c.QuerySenderListener QuerySenderListener sending requests to Searcher@71aa6372[test] main{ExitableDirectoryReader(UninvertingDirectoryReader())}
2020-03-11 07:54:55.725 INFO  (searcherExecutor-42-thread-1) [   ] o.a.s.c.QuerySenderListener QuerySenderListener done.
2020-03-11 07:54:55.725 INFO  (searcherExecutor-42-thread-1) [   ] o.a.s.h.c.SpellCheckComponent Loading spell index for spellchecker: default
2020-03-11 07:54:55.731 INFO  (searcherExecutor-42-thread-1) [   ] o.a.s.c.SolrCore [test] Registered new searcher Searcher@71aa6372[test] main{ExitableDirectoryReader(UninvertingDirectoryReader())}
2020-03-11 07:54:55.785 INFO  (coreLoadExecutor-9-thread-2) [   ] o.a.s.c.SolrConfig Using Lucene MatchVersion: 8.2.0
2020-03-11 07:54:55.861 INFO  (coreLoadExecutor-9-thread-3) [   ] o.a.s.s.IndexSchema [test1] Schema name=default-config
2020-03-11 07:54:55.932 INFO  (coreLoadExecutor-9-thread-2) [   ] o.a.s.s.IndexSchema [test3] Schema name=default-config
2020-03-11 07:54:56.339 INFO  (coreLoadExecutor-9-thread-3) [   ] o.a.s.s.IndexSchema Loaded schema default-config/1.6 with uniqueid field id
2020-03-11 07:54:56.377 INFO  (coreLoadExecutor-9-thread-2) [   ] o.a.s.s.IndexSchema Loaded schema default-config/1.6 with uniqueid field id
2020-03-11 07:54:56.381 INFO  (coreLoadExecutor-9-thread-3) [   ] o.a.s.c.CoreContainer Creating SolrCore 'test1' using configuration from instancedir E:\工作\svn资源\solr\solr-8.2.0\server\solr\test1, trusted=true
2020-03-11 07:54:56.381 INFO  (coreLoadExecutor-9-thread-3) [   ] o.a.s.m.r.SolrJmxReporter JMX monitoring for 'solr.core.test1' (registry 'solr.core.test1') enabled at server: com.sun.jmx.mbeanserver.JmxMBeanServer@4034c28c
2020-03-11 07:54:56.382 INFO  (coreLoadExecutor-9-thread-3) [   ] o.a.s.c.SolrCore [[test1] ] Opening new SolrCore at [E:\工作\svn资源\solr\solr-8.2.0\server\solr\test1], dataDir=[E:\工作\svn资源\solr\solr-8.2.0\server\solr\test1\data\]
2020-03-11 07:54:56.394 INFO  (coreLoadExecutor-9-thread-3) [   ] o.a.s.r.XSLTResponseWriter xsltCacheLifetimeSeconds=5
2020-03-11 07:54:56.423 INFO  (coreLoadExecutor-9-thread-2) [   ] o.a.s.c.CoreContainer Creating SolrCore 'test3' using configuration from instancedir E:\工作\svn资源\solr\solr-8.2.0\server\solr\test3, trusted=true
2020-03-11 07:54:56.424 INFO  (coreLoadExecutor-9-thread-2) [   ] o.a.s.m.r.SolrJmxReporter JMX monitoring for 'solr.core.test3' (registry 'solr.core.test3') enabled at server: com.sun.jmx.mbeanserver.JmxMBeanServer@4034c28c
2020-03-11 07:54:56.424 INFO  (coreLoadExecutor-9-thread-2) [   ] o.a.s.c.SolrCore [[test3] ] Opening new SolrCore at [E:\工作\svn资源\solr\solr-8.2.0\server\solr\test3], dataDir=[E:\工作\svn资源\solr\solr-8.2.0\server\solr\test3\data\]
2020-03-11 07:54:56.437 INFO  (coreLoadExecutor-9-thread-2) [   ] o.a.s.r.XSLTResponseWriter xsltCacheLifetimeSeconds=5
2020-03-11 07:54:56.479 INFO  (coreLoadExecutor-9-thread-3) [   ] o.a.s.u.UpdateHandler Using UpdateLog implementation: org.apache.solr.update.UpdateLog
2020-03-11 07:54:56.479 INFO  (coreLoadExecutor-9-thread-3) [   ] o.a.s.u.UpdateLog Initializing UpdateLog: dataDir= defaultSyncLevel=FLUSH numRecordsToKeep=100 maxNumLogsToKeep=10 numVersionBuckets=65536
2020-03-11 07:54:56.482 INFO  (coreLoadExecutor-9-thread-3) [   ] o.a.s.u.CommitTracker Hard AutoCommit: if uncommitted for 15000ms; 
2020-03-11 07:54:56.482 INFO  (coreLoadExecutor-9-thread-3) [   ] o.a.s.u.CommitTracker Soft AutoCommit: disabled
2020-03-11 07:54:56.488 INFO  (coreLoadExecutor-9-thread-3) [   ] o.a.s.s.SolrIndexSearcher Opening [Searcher@61697cb0[test1] main]
2020-03-11 07:54:56.489 INFO  (coreLoadExecutor-9-thread-3) [   ] o.a.s.r.ManagedResourceStorage File-based storage initialized to use dir: E:\工作\svn资源\solr\solr-8.2.0\server\solr\test1\conf
2020-03-11 07:54:56.490 INFO  (coreLoadExecutor-9-thread-3) [   ] o.a.s.h.c.SpellCheckComponent Initializing spell checkers
2020-03-11 07:54:56.490 INFO  (coreLoadExecutor-9-thread-3) [   ] o.a.s.s.DirectSolrSpellChecker init: {name=default,field=_text_,classname=solr.DirectSolrSpellChecker,distanceMeasure=internal,accuracy=0.5,maxEdits=2,minPrefix=1,maxInspections=5,minQueryLength=4,maxQueryFrequency=0.01}
2020-03-11 07:54:56.492 INFO  (coreLoadExecutor-9-thread-3) [   ] o.a.s.h.ReplicationHandler Commits will be reserved for 10000ms.
2020-03-11 07:54:56.493 INFO  (coreLoadExecutor-9-thread-3) [   ] o.a.s.u.UpdateLog Could not find max version in index or recent updates, using new clock 1660853468783443968
2020-03-11 07:54:56.495 INFO  (searcherExecutor-55-thread-1) [   ] o.a.s.c.QuerySenderListener QuerySenderListener sending requests to Searcher@61697cb0[test1] main{ExitableDirectoryReader(UninvertingDirectoryReader())}
2020-03-11 07:54:56.496 INFO  (searcherExecutor-55-thread-1) [   ] o.a.s.c.QuerySenderListener QuerySenderListener done.
2020-03-11 07:54:56.496 INFO  (searcherExecutor-55-thread-1) [   ] o.a.s.h.c.SpellCheckComponent Loading spell index for spellchecker: default
2020-03-11 07:54:56.498 INFO  (searcherExecutor-55-thread-1) [   ] o.a.s.c.SolrCore [test1] Registered new searcher Searcher@61697cb0[test1] main{ExitableDirectoryReader(UninvertingDirectoryReader())}
2020-03-11 07:54:56.523 INFO  (coreLoadExecutor-9-thread-2) [   ] o.a.s.u.UpdateHandler Using UpdateLog implementation: org.apache.solr.update.UpdateLog
2020-03-11 07:54:56.523 INFO  (coreLoadExecutor-9-thread-2) [   ] o.a.s.u.UpdateLog Initializing UpdateLog: dataDir= defaultSyncLevel=FLUSH numRecordsToKeep=100 maxNumLogsToKeep=10 numVersionBuckets=65536
2020-03-11 07:54:56.525 INFO  (coreLoadExecutor-9-thread-2) [   ] o.a.s.u.CommitTracker Hard AutoCommit: if uncommitted for 15000ms; 
2020-03-11 07:54:56.525 INFO  (coreLoadExecutor-9-thread-2) [   ] o.a.s.u.CommitTracker Soft AutoCommit: disabled
2020-03-11 07:54:56.531 INFO  (coreLoadExecutor-9-thread-2) [   ] o.a.s.s.SolrIndexSearcher Opening [Searcher@5b46cb84[test3] main]
2020-03-11 07:54:56.532 INFO  (coreLoadExecutor-9-thread-2) [   ] o.a.s.r.ManagedResourceStorage File-based storage initialized to use dir: E:\工作\svn资源\solr\solr-8.2.0\server\solr\test3\conf
2020-03-11 07:54:56.532 INFO  (coreLoadExecutor-9-thread-2) [   ] o.a.s.h.c.SpellCheckComponent Initializing spell checkers
2020-03-11 07:54:56.532 INFO  (coreLoadExecutor-9-thread-2) [   ] o.a.s.s.DirectSolrSpellChecker init: {name=default,field=_text_,classname=solr.DirectSolrSpellChecker,distanceMeasure=internal,accuracy=0.5,maxEdits=2,minPrefix=1,maxInspections=5,minQueryLength=4,maxQueryFrequency=0.01}
2020-03-11 07:54:56.534 INFO  (coreLoadExecutor-9-thread-2) [   ] o.a.s.h.ReplicationHandler Commits will be reserved for 10000ms.
2020-03-11 07:54:56.534 INFO  (coreLoadExecutor-9-thread-2) [   ] o.a.s.u.UpdateLog Could not find max version in index or recent updates, using new clock 1660853468826435584
2020-03-11 07:54:56.536 INFO  (searcherExecutor-56-thread-1) [   ] o.a.s.c.QuerySenderListener QuerySenderListener sending requests to Searcher@5b46cb84[test3] main{ExitableDirectoryReader(UninvertingDirectoryReader())}
2020-03-11 07:54:56.536 INFO  (searcherExecutor-56-thread-1) [   ] o.a.s.c.QuerySenderListener QuerySenderListener done.
2020-03-11 07:54:56.536 INFO  (searcherExecutor-56-thread-1) [   ] o.a.s.h.c.SpellCheckComponent Loading spell index for spellchecker: default
2020-03-11 07:54:56.538 INFO  (searcherExecutor-56-thread-1) [   ] o.a.s.c.SolrCore [test3] Registered new searcher Searcher@5b46cb84[test3] main{ExitableDirectoryReader(UninvertingDirectoryReader())}
2020-03-11 07:55:07.649 INFO  (ShutdownMonitor) [   ] o.e.j.s.AbstractConnector Stopped ServerConnector@3bf7ca37{HTTP/1.1,[http/1.1, h2c]}{0.0.0.0:8983}
2020-03-11 07:55:07.649 INFO  (ShutdownMonitor) [   ] o.e.j.s.session node0 Stopped scavenging
2020-03-11 07:55:07.654 INFO  (ShutdownMonitor) [   ] o.a.s.c.CoreContainer Shutting down CoreContainer instance=1047478056
2020-03-11 07:55:07.657 INFO  (coreCloseExecutor-65-thread-1) [   x:appDbMaterialAddress] o.a.s.c.SolrCore [appDbMaterialAddress]  CLOSING SolrCore org.apache.solr.core.SolrCore@78adc2fc
2020-03-11 07:55:07.657 INFO  (coreCloseExecutor-65-thread-2) [   x:appDbDisasterShelter] o.a.s.c.SolrCore [appDbDisasterShelter]  CLOSING SolrCore org.apache.solr.core.SolrCore@6264028f
2020-03-11 07:55:07.657 INFO  (coreCloseExecutor-65-thread-3) [   x:appDbProtectionobject] o.a.s.c.SolrCore [appDbProtectionobject]  CLOSING SolrCore org.apache.solr.core.SolrCore@7be7ed6f
2020-03-11 07:55:07.657 INFO  (coreCloseExecutor-65-thread-4) [   x:appDbTeam] o.a.s.c.SolrCore [appDbTeam]  CLOSING SolrCore org.apache.solr.core.SolrCore@3e16d139
2020-03-11 07:55:07.657 INFO  (coreCloseExecutor-65-thread-1) [   x:appDbMaterialAddress] o.a.s.m.SolrMetricManager Closing metric reporters for registry=solr.core.appDbMaterialAddress, tag=78adc2fc
2020-03-11 07:55:07.657 INFO  (coreCloseExecutor-65-thread-5) [   x:appDbResourse] o.a.s.c.SolrCore [appDbResourse]  CLOSING SolrCore org.apache.solr.core.SolrCore@7881c072
2020-03-11 07:55:07.657 INFO  (coreCloseExecutor-65-thread-6) [   x:appDbRisk] o.a.s.c.SolrCore [appDbRisk]  CLOSING SolrCore org.apache.solr.core.SolrCore@66231f7d
2020-03-11 07:55:07.657 INFO  (coreCloseExecutor-65-thread-8) [   x:app_contactor] o.a.s.c.SolrCore [app_contactor]  CLOSING SolrCore org.apache.solr.core.SolrCore@5984e85e
2020-03-11 07:55:07.658 INFO  (coreCloseExecutor-65-thread-9) [   x:test] o.a.s.c.SolrCore [test]  CLOSING SolrCore org.apache.solr.core.SolrCore@114a581b
2020-03-11 07:55:07.658 INFO  (coreCloseExecutor-65-thread-10) [   x:test1] o.a.s.c.SolrCore [test1]  CLOSING SolrCore org.apache.solr.core.SolrCore@56bbe721
2020-03-11 07:55:07.658 INFO  (coreCloseExecutor-65-thread-11) [   x:test3] o.a.s.c.SolrCore [test3]  CLOSING SolrCore org.apache.solr.core.SolrCore@85a9c99
2020-03-11 07:55:07.658 INFO  (coreCloseExecutor-65-thread-1) [   x:appDbMaterialAddress] o.a.s.m.r.SolrJmxReporter Closing reporter [org.apache.solr.metrics.reporters.SolrJmxReporter@7a11f2ca: rootName = null, domain = solr.core.appDbMaterialAddress, service url = null, agent id = null] for registry solr.core.appDbMaterialAddress / com.codahale.metrics.MetricRegistry@3b9770bc
2020-03-11 07:55:07.658 INFO  (coreCloseExecutor-65-thread-7) [   x:Area] o.a.s.c.SolrCore [Area]  CLOSING SolrCore org.apache.solr.core.SolrCore@22d212c1
2020-03-11 07:55:07.686 INFO  (coreCloseExecutor-65-thread-3) [   x:appDbProtectionobject] o.a.s.m.SolrMetricManager Closing metric reporters for registry=solr.core.appDbProtectionobject, tag=7be7ed6f
2020-03-11 07:55:07.686 INFO  (coreCloseExecutor-65-thread-3) [   x:appDbProtectionobject] o.a.s.m.r.SolrJmxReporter Closing reporter [org.apache.solr.metrics.reporters.SolrJmxReporter@45d17730: rootName = null, domain = solr.core.appDbProtectionobject, service url = null, agent id = null] for registry solr.core.appDbProtectionobject / com.codahale.metrics.MetricRegistry@5d13247a
2020-03-11 07:55:07.715 INFO  (coreCloseExecutor-65-thread-4) [   x:appDbTeam] o.a.s.m.SolrMetricManager Closing metric reporters for registry=solr.core.appDbTeam, tag=3e16d139
2020-03-11 07:55:07.716 INFO  (coreCloseExecutor-65-thread-4) [   x:appDbTeam] o.a.s.m.r.SolrJmxReporter Closing reporter [org.apache.solr.metrics.reporters.SolrJmxReporter@6f7ea92d: rootName = null, domain = solr.core.appDbTeam, service url = null, agent id = null] for registry solr.core.appDbTeam / com.codahale.metrics.MetricRegistry@5e831e7a
2020-03-11 07:55:07.737 INFO  (coreCloseExecutor-65-thread-2) [   x:appDbDisasterShelter] o.a.s.m.SolrMetricManager Closing metric reporters for registry=solr.core.appDbDisasterShelter, tag=6264028f
2020-03-11 07:55:07.737 INFO  (coreCloseExecutor-65-thread-2) [   x:appDbDisasterShelter] o.a.s.m.r.SolrJmxReporter Closing reporter [org.apache.solr.metrics.reporters.SolrJmxReporter@3a6f84d6: rootName = null, domain = solr.core.appDbDisasterShelter, service url = null, agent id = null] for registry solr.core.appDbDisasterShelter / com.codahale.metrics.MetricRegistry@326b1cbf
2020-03-11 07:55:07.749 INFO  (coreCloseExecutor-65-thread-5) [   x:appDbResourse] o.a.s.m.SolrMetricManager Closing metric reporters for registry=solr.core.appDbResourse, tag=7881c072
2020-03-11 07:55:07.749 INFO  (coreCloseExecutor-65-thread-5) [   x:appDbResourse] o.a.s.m.r.SolrJmxReporter Closing reporter [org.apache.solr.metrics.reporters.SolrJmxReporter@6aa67df5: rootName = null, domain = solr.core.appDbResourse, service url = null, agent id = null] for registry solr.core.appDbResourse / com.codahale.metrics.MetricRegistry@1937bdc9
2020-03-11 07:55:07.761 INFO  (coreCloseExecutor-65-thread-6) [   x:appDbRisk] o.a.s.m.SolrMetricManager Closing metric reporters for registry=solr.core.appDbRisk, tag=66231f7d
2020-03-11 07:55:07.761 INFO  (coreCloseExecutor-65-thread-6) [   x:appDbRisk] o.a.s.m.r.SolrJmxReporter Closing reporter [org.apache.solr.metrics.reporters.SolrJmxReporter@209302ee: rootName = null, domain = solr.core.appDbRisk, service url = null, agent id = null] for registry solr.core.appDbRisk / com.codahale.metrics.MetricRegistry@32380595
2020-03-11 07:55:07.768 INFO  (coreCloseExecutor-65-thread-8) [   x:app_contactor] o.a.s.m.SolrMetricManager Closing metric reporters for registry=solr.core.app_contactor, tag=5984e85e
2020-03-11 07:55:07.769 INFO  (coreCloseExecutor-65-thread-8) [   x:app_contactor] o.a.s.m.r.SolrJmxReporter Closing reporter [org.apache.solr.metrics.reporters.SolrJmxReporter@41e7759c: rootName = null, domain = solr.core.app_contactor, service url = null, agent id = null] for registry solr.core.app_contactor / com.codahale.metrics.MetricRegistry@12b0c066
2020-03-11 07:55:07.779 INFO  (coreCloseExecutor-65-thread-9) [   x:test] o.a.s.m.SolrMetricManager Closing metric reporters for registry=solr.core.test, tag=114a581b
2020-03-11 07:55:07.779 INFO  (coreCloseExecutor-65-thread-9) [   x:test] o.a.s.m.r.SolrJmxReporter Closing reporter [org.apache.solr.metrics.reporters.SolrJmxReporter@171adb19: rootName = null, domain = solr.core.test, service url = null, agent id = null] for registry solr.core.test / com.codahale.metrics.MetricRegistry@47505e62
2020-03-11 07:55:07.786 INFO  (coreCloseExecutor-65-thread-11) [   x:test3] o.a.s.m.SolrMetricManager Closing metric reporters for registry=solr.core.test3, tag=85a9c99
2020-03-11 07:55:07.786 INFO  (coreCloseExecutor-65-thread-11) [   x:test3] o.a.s.m.r.SolrJmxReporter Closing reporter [org.apache.solr.metrics.reporters.SolrJmxReporter@2f86833b: rootName = null, domain = solr.core.test3, service url = null, agent id = null] for registry solr.core.test3 / com.codahale.metrics.MetricRegistry@1858e265
2020-03-11 07:55:07.792 INFO  (coreCloseExecutor-65-thread-10) [   x:test1] o.a.s.m.SolrMetricManager Closing metric reporters for registry=solr.core.test1, tag=56bbe721
2020-03-11 07:55:07.792 INFO  (coreCloseExecutor-65-thread-10) [   x:test1] o.a.s.m.r.SolrJmxReporter Closing reporter [org.apache.solr.metrics.reporters.SolrJmxReporter@49c2820a: rootName = null, domain = solr.core.test1, service url = null, agent id = null] for registry solr.core.test1 / com.codahale.metrics.MetricRegistry@2f186c70
2020-03-11 07:55:07.799 INFO  (coreCloseExecutor-65-thread-7) [   x:Area] o.a.s.m.SolrMetricManager Closing metric reporters for registry=solr.core.Area, tag=22d212c1
2020-03-11 07:55:07.799 INFO  (coreCloseExecutor-65-thread-7) [   x:Area] o.a.s.m.r.SolrJmxReporter Closing reporter [org.apache.solr.metrics.reporters.SolrJmxReporter@65bdb2a6: rootName = null, domain = solr.core.Area, service url = null, agent id = null] for registry solr.core.Area / com.codahale.metrics.MetricRegistry@64c69ec7
2020-03-11 07:55:07.808 INFO  (ShutdownMonitor) [   ] o.a.s.m.SolrMetricManager Closing metric reporters for registry=solr.node, tag=null
2020-03-11 07:55:07.809 INFO  (ShutdownMonitor) [   ] o.a.s.m.r.SolrJmxReporter Closing reporter [org.apache.solr.metrics.reporters.SolrJmxReporter@3d8bbcdc: rootName = null, domain = solr.node, service url = null, agent id = null] for registry solr.node / com.codahale.metrics.MetricRegistry@10f2303b
2020-03-11 07:55:07.810 INFO  (ShutdownMonitor) [   ] o.a.s.m.SolrMetricManager Closing metric reporters for registry=solr.jvm, tag=null
2020-03-11 07:55:07.811 INFO  (ShutdownMonitor) [   ] o.a.s.m.r.SolrJmxReporter Closing reporter [org.apache.solr.metrics.reporters.SolrJmxReporter@1d71006f: rootName = null, domain = solr.jvm, service url = null, agent id = null] for registry solr.jvm / com.codahale.metrics.MetricRegistry@3ac3706a
2020-03-11 07:55:07.812 INFO  (ShutdownMonitor) [   ] o.a.s.m.SolrMetricManager Closing metric reporters for registry=solr.jetty, tag=null
2020-03-11 07:55:07.812 INFO  (ShutdownMonitor) [   ] o.a.s.m.r.SolrJmxReporter Closing reporter [org.apache.solr.metrics.reporters.SolrJmxReporter@5b6813df: rootName = null, domain = solr.jetty, service url = null, agent id = null] for registry solr.jetty / com.codahale.metrics.MetricRegistry@49a67c6d
2020-03-11 07:55:07.820 INFO  (ShutdownMonitor) [   ] o.e.j.s.h.ContextHandler Stopped o.e.j.w.WebAppContext@5ace1ed4{/solr,null,UNAVAILABLE}{E:\工作\svn资源\solr\solr-8.2.0\server/solr-webapp/webapp}
